2025-06-22 22:02:49,244 - gui.main_hub - INFO - Loaded 29 comprehensive default patterns
2025-06-22 22:02:49,253 - gui.main_hub - INFO - Loaded workspace: 0 patterns, 0 strategies, 0 datasets
2025-06-22 22:02:49,254 - gui.main_hub - INFO - Loaded 0 strategies, 29 patterns, and 0 result sets from workspace.
2025-06-22 22:03:05,440 - processors.data_source_integration - INFO - Detected data source: metatrader
2025-06-22 22:03:08,494 - processors.data_source_integration - INFO - Mapping columns for source: metatrader
2025-06-22 22:03:08,495 - processors.data_source_integration - INFO - Original columns: ['Date', ' Time', ' Open', ' High', ' Low', ' Last', ' Volume', ' NumberOfTrades', ' BidVolume', ' AskVolume']
2025-06-22 22:03:08,496 - processors.data_source_integration - INFO - Base mapping: {'Time': 'datetime', 'Open': 'open', 'High': 'high', 'Low': 'low', 'Close': 'close', ' Last': 'close', 'Volume': 'volume', 'Spread': 'spread'}
2025-06-22 22:03:08,716 - processors.data_source_integration - INFO - Mapped ' Time' to 'datetime'
2025-06-22 22:03:08,839 - processors.data_source_integration - INFO - Mapped ' Open' to 'open'
2025-06-22 22:03:08,966 - processors.data_source_integration - INFO - Mapped ' High' to 'high'
2025-06-22 22:03:09,094 - processors.data_source_integration - INFO - Mapped ' Low' to 'low'
2025-06-22 22:03:09,333 - processors.data_source_integration - INFO - Mapped ' Volume' to 'volume'
2025-06-22 22:03:09,333 - processors.data_source_integration - INFO - Columns after mapping: ['Date', 'datetime', 'open', 'high', 'low', 'close', 'volume', ' NumberOfTrades', ' BidVolume', ' AskVolume']
2025-06-22 22:03:09,370 - processors.data_source_integration - INFO - Loaded metatrader data: 3286734 rows
2025-06-22 22:03:11,213 - gui.data_stripper_window - INFO - Applying LCM filter with 3 timeframes
2025-06-22 22:03:11,214 - gui.data_stripper_window - INFO - Data index type: <class 'pandas.core.indexes.base.Index'>
2025-06-22 22:03:11,214 - gui.data_stripper_window - INFO - Data shape: (3286734, 9)
2025-06-22 22:03:11,214 - gui.data_stripper_window - INFO - Columns before LCM: ['Date', 'open', 'high', 'low', 'close', 'volume', ' NumberOfTrades', ' BidVolume', ' AskVolume']
2025-06-22 22:03:11,215 - gui.data_stripper_window - WARNING - Converting index to DatetimeIndex
2025-06-22 22:03:11,218 - gui.data_stripper_window - ERROR - LCM filter error: Out of bounds nanosecond timestamp:  16:15:00, at position 0
2025-06-22 22:03:12,090 - gui.data_stripper_window - INFO - Calculating volatility with columns: ['Date', 'open', 'high', 'low', 'close', 'volume', ' NumberOfTrades', ' BidVolume', ' AskVolume']
2025-06-22 22:03:14,911 - gui.main_hub - INFO - Dataset 'NQ_5s' processed: 3286734 rows
2025-06-22 22:03:43,070 - gui.main_hub - INFO - Pattern strategy 'Gate' created
2025-06-22 22:03:45,281 - gui.main_hub - INFO - Backtest completed for: Gate
2025-06-22 22:03:54,083 - ChartTabDebug - INFO - _update_chart_tab called. results keys: ['initial_capital', 'final_capital', 'cumulative_pnl', 'total_return', 'sharpe_ratio', 'max_drawdown', 'win_rate', 'profit_factor', 'total_trades', 'equity_curve', 'trades', 'zones']
2025-06-22 22:03:54,084 - ChartTabDebug - INFO - Tried current_worker, got data: <class 'pandas.core.frame.DataFrame'>
2025-06-22 22:03:54,481 - ChartTabDebug - INFO - Plotting 1 trades.
2025-06-22 22:03:56,413 - gui.main_hub - INFO - Backtest completed for: Unknown
2025-06-22 22:05:48,008 - gui.main_hub - INFO - Loaded 29 comprehensive default patterns
2025-06-22 22:05:48,018 - gui.main_hub - INFO - Loaded workspace: 0 patterns, 0 strategies, 0 datasets
2025-06-22 22:05:48,026 - gui.main_hub - INFO - Loaded 1 strategies, 29 patterns, and 1 result sets from workspace.
2025-06-22 22:05:54,375 - processors.data_source_integration - INFO - Detected data source: metatrader
2025-06-22 22:05:57,261 - processors.data_source_integration - INFO - Mapping columns for source: metatrader
2025-06-22 22:05:57,262 - processors.data_source_integration - INFO - Original columns: ['Date', ' Time', ' Open', ' High', ' Low', ' Last', ' Volume', ' NumberOfTrades', ' BidVolume', ' AskVolume']
2025-06-22 22:05:57,262 - processors.data_source_integration - INFO - Base mapping: {'Time': 'datetime', 'Open': 'open', 'High': 'high', 'Low': 'low', 'Close': 'close', ' Last': 'close', 'Volume': 'volume', 'Spread': 'spread'}
2025-06-22 22:05:57,477 - processors.data_source_integration - INFO - Mapped ' Time' to 'datetime'
2025-06-22 22:05:57,599 - processors.data_source_integration - INFO - Mapped ' Open' to 'open'
2025-06-22 22:05:57,727 - processors.data_source_integration - INFO - Mapped ' High' to 'high'
2025-06-22 22:05:57,835 - processors.data_source_integration - INFO - Mapped ' Low' to 'low'
2025-06-22 22:05:58,080 - processors.data_source_integration - INFO - Mapped ' Volume' to 'volume'
2025-06-22 22:05:58,081 - processors.data_source_integration - INFO - Columns after mapping: ['Date', 'datetime', 'open', 'high', 'low', 'close', 'volume', ' NumberOfTrades', ' BidVolume', ' AskVolume']
2025-06-22 22:05:58,117 - processors.data_source_integration - INFO - Loaded metatrader data: 3286734 rows
2025-06-22 22:06:00,429 - gui.data_stripper_window - INFO - Applying LCM filter with 3 timeframes
2025-06-22 22:06:00,429 - gui.data_stripper_window - INFO - Data index type: <class 'pandas.core.indexes.base.Index'>
2025-06-22 22:06:00,429 - gui.data_stripper_window - INFO - Data shape: (3286734, 9)
2025-06-22 22:06:00,429 - gui.data_stripper_window - INFO - Columns before LCM: ['Date', 'open', 'high', 'low', 'close', 'volume', ' NumberOfTrades', ' BidVolume', ' AskVolume']
2025-06-22 22:06:00,430 - gui.data_stripper_window - WARNING - Converting index to DatetimeIndex
2025-06-22 22:06:00,433 - gui.data_stripper_window - ERROR - LCM filter error: Out of bounds nanosecond timestamp:  16:15:00, at position 0
2025-06-22 22:06:01,234 - gui.data_stripper_window - INFO - Calculating volatility with columns: ['Date', 'open', 'high', 'low', 'close', 'volume', ' NumberOfTrades', ' BidVolume', ' AskVolume']
