2025-06-25 01:17:09,607 - INFO - Starting GUI Auto-Fixer...
2025-06-25 01:17:09,607 - INFO - Starting comprehensive GUI audit...
2025-06-25 01:17:09,607 - INFO - Auditing data handling...
2025-06-25 01:17:12,365 - INFO - Data loaded: 3286734 rows, 9 columns
2025-06-25 01:17:12,514 - INFO - Auditing index management...
2025-06-25 01:17:15,719 - INFO - Index conversion successful: <class 'pandas.core.indexes.datetimes.DatetimeIndex'>, unique: False
2025-06-25 01:17:15,754 - INFO - Auditing date filtering...
2025-06-25 01:17:19,125 - INFO - Date filtering: 3286734 -> 68788 bars
2025-06-25 01:17:19,156 - INFO - Auditing zone overlays...
2025-06-25 01:17:19,161 - INFO - Zone 0 mapping: 2024-01-01 00:50:00 to 2024-01-01 01:15:00
2025-06-25 01:17:19,161 - INFO - Zone 1 mapping: 2024-01-01 04:10:00 to 2024-01-01 04:35:00
2025-06-25 01:17:19,161 - INFO - Correctly detected out-of-bounds zone 2: 999
2025-06-25 01:17:19,162 - INFO - Auditing chart rendering...
2025-06-25 01:17:19,162 - INFO - Chart data prepared: 50 bars
2025-06-25 01:17:19,162 - INFO - Auditing error handling...
2025-06-25 01:17:19,176 - INFO - Auditing performance...
2025-06-25 01:17:22,172 - INFO - Data loading time: 3.00s
2025-06-25 01:17:22,200 - INFO - Auditing code quality...
2025-06-25 01:17:22,240 - INFO - Applying automatic fixes...
2025-06-25 01:17:22,241 - INFO - Applying fixes for index_management...
2025-06-25 01:17:22,241 - INFO - Applying fix: Add index deduplication logic
2025-06-25 01:17:22,241 - INFO - Fixing index deduplication...
2025-06-25 01:17:22,241 - INFO - Index deduplication already implemented
2025-06-25 01:17:22,242 - INFO - Applying fixes for error_handling...
2025-06-25 01:17:22,242 - INFO - Applying fix: Fix file access for gui/backtest_window.py
2025-06-25 01:17:22,242 - INFO - Applying fix: Fix file access for gui/main_hub.py
2025-06-25 01:17:22,242 - INFO - Applying fix: Fix file access for gui/results_viewer_window.py
2025-06-25 01:17:22,242 - INFO - Applying fixes for code_quality...
2025-06-25 01:17:22,243 - INFO - Applying fix: Replace print statements with logging in gui\risk_manager_window.py
2025-06-25 01:17:22,243 - INFO - Replacing print statements with logging...
2025-06-25 01:17:22,243 - INFO - Print statements already replaced with logging in patched code
2025-06-25 01:17:22,243 - INFO - Applying fix: Replace print statements with logging in gui\strategy_combiner_window.py
2025-06-25 01:17:22,244 - INFO - Replacing print statements with logging...
2025-06-25 01:17:22,244 - INFO - Print statements already replaced with logging in patched code
2025-06-25 01:17:22,244 - INFO - Validating fixes...
2025-06-25 01:17:22,244 - INFO - Auditing data handling...
2025-06-25 01:17:25,302 - INFO - Data loaded: 3286734 rows, 9 columns
2025-06-25 01:17:25,466 - INFO - Auditing index management...
2025-06-25 01:17:28,676 - INFO - Index conversion successful: <class 'pandas.core.indexes.datetimes.DatetimeIndex'>, unique: False
2025-06-25 01:17:28,712 - INFO - Auditing date filtering...
2025-06-25 01:17:31,921 - INFO - Date filtering: 3286734 -> 68788 bars
2025-06-25 01:17:31,954 - WARNING - Some fixes may need manual attention
2025-06-25 01:17:31,954 - INFO - Generating audit report...
2025-06-25 01:17:31,965 - INFO - GUI Auto-Fixer completed!
