2025-06-25 01:23:23,333 - INFO - Starting GUI Perfection System...
2025-06-25 01:23:23,334 - INFO - Starting GUI Perfection System...
2025-06-25 01:23:23,334 - INFO - Phase 1: Fixing all encoding issues...
2025-06-25 01:23:23,335 - INFO - File gui\backtest_window.py has correct encoding
2025-06-25 01:23:23,336 - INFO - File gui\data_explorer_window.py has correct encoding
2025-06-25 01:23:23,336 - INFO - File gui\data_stripper_window.py has correct encoding
2025-06-25 01:23:23,337 - INFO - File gui\main_hub.py has correct encoding
2025-06-25 01:23:23,337 - INFO - File gui\pattern_builder_window.py has correct encoding
2025-06-25 01:23:23,338 - INFO - File gui\results_viewer_window.py has correct encoding
2025-06-25 01:23:23,338 - INFO - File gui\risk_manager_window.py has correct encoding
2025-06-25 01:23:23,338 - INFO - File gui\statistics_window.py has correct encoding
2025-06-25 01:23:23,339 - INFO - File gui\strategy_builder_window.py has correct encoding
2025-06-25 01:23:23,339 - INFO - File gui\strategy_combiner_window.py has correct encoding
2025-06-25 01:23:23,340 - INFO - File gui\strategy_optimizer_window.py has correct encoding
2025-06-25 01:23:23,340 - INFO - File gui\strategy_pattern_manager_window.py has correct encoding
2025-06-25 01:23:23,340 - INFO - File gui\workspace_manager_dialog.py has correct encoding
2025-06-25 01:23:23,341 - INFO - Phase 2: Running comprehensive audit...
2025-06-25 01:23:23,341 - INFO - Auditing data handling...
2025-06-25 01:23:25,999 - INFO - Data loaded: 3286734 rows, 9 columns
2025-06-25 01:23:26,139 - INFO - Auditing index management...
2025-06-25 01:23:29,038 - INFO - Index conversion successful: <class 'pandas.core.indexes.datetimes.DatetimeIndex'>, unique: False
2025-06-25 01:23:29,065 - INFO - Auditing date filtering...
2025-06-25 01:23:32,244 - INFO - Date filtering: 3286734 -> 68788 bars
2025-06-25 01:23:32,272 - INFO - Auditing zone overlays...
2025-06-25 01:23:32,277 - INFO - Zone 0 mapping: 2024-01-01 00:50:00 to 2024-01-01 01:15:00
2025-06-25 01:23:32,277 - INFO - Zone 1 mapping: 2024-01-01 04:10:00 to 2024-01-01 04:35:00
2025-06-25 01:23:32,277 - INFO - Correctly detected out-of-bounds zone 2: 999
2025-06-25 01:23:32,278 - INFO - Auditing chart rendering...
2025-06-25 01:23:32,278 - INFO - Chart data prepared: 50 bars
2025-06-25 01:23:32,279 - INFO - Auditing error handling...
2025-06-25 01:23:32,281 - INFO - Auditing performance...
2025-06-25 01:23:35,059 - INFO - Data loading time: 2.78s
2025-06-25 01:23:35,084 - INFO - Auditing code quality...
2025-06-25 01:23:35,090 - INFO - Auditing GUI functionality...
2025-06-25 01:23:35,093 - INFO - Successfully imported gui.main_hub
2025-06-25 01:23:35,093 - INFO - Successfully imported gui.backtest_window
2025-06-25 01:23:35,094 - INFO - Successfully imported gui.results_viewer_window
2025-06-25 01:23:35,094 - INFO - Auditing memory usage...
2025-06-25 01:23:35,099 - INFO - Auditing threading...
2025-06-25 01:23:35,103 - INFO - Auditing documentation...
2025-06-25 01:23:35,107 - INFO - Phase 3: Applying all fixes...
2025-06-25 01:23:35,108 - INFO - Applying fixes for index_management...
2025-06-25 01:23:35,108 - INFO - Applying perfection fix: Add index deduplication logic
2025-06-25 01:23:35,108 - INFO - Applying perfect index deduplication fix...
2025-06-25 01:23:35,108 - INFO - Index deduplication already implemented
2025-06-25 01:23:35,108 - INFO - Applying fixes for error_handling...
2025-06-25 01:23:35,108 - INFO - Applying perfection fix: Add try-catch blocks to gui/backtest_window.py
2025-06-25 01:23:35,109 - INFO - Applying perfection fix: Add try-catch blocks to gui/main_hub.py
2025-06-25 01:23:35,109 - INFO - Applying perfection fix: Add try-catch blocks to gui/results_viewer_window.py
2025-06-25 01:23:35,109 - INFO - Applying fixes for code_quality...
2025-06-25 01:23:35,110 - INFO - Applying perfection fix: Address TODO/FIXME in gui\main_hub.py
2025-06-25 01:23:35,110 - INFO - Applying fixes for memory_usage...
2025-06-25 01:23:35,110 - INFO - Applying perfection fix: Optimize imports in gui\backtest_window.py
2025-06-25 01:23:35,111 - INFO - Applying perfection fix: Optimize imports in gui\data_explorer_window.py
2025-06-25 01:23:35,111 - INFO - Applying perfection fix: Optimize imports in gui\data_stripper_window.py
2025-06-25 01:23:35,111 - INFO - Applying perfection fix: Optimize imports in gui\main_hub.py
2025-06-25 01:23:35,111 - INFO - Applying perfection fix: Optimize imports in gui\results_viewer_window.py
2025-06-25 01:23:35,112 - INFO - Applying perfection fix: Optimize imports in gui\statistics_window.py
2025-06-25 01:23:35,112 - INFO - Applying perfection fix: Optimize imports in gui\strategy_builder_window.py
2025-06-25 01:23:35,113 - INFO - Applying perfection fix: Replace global variables with proper scoping in gui\strategy_optimizer_window.py
2025-06-25 01:23:35,113 - INFO - Applying perfection fix: Optimize imports in gui\strategy_optimizer_window.py
2025-06-25 01:23:35,114 - INFO - Applying perfection fix: Optimize imports in gui\workspace_manager_dialog.py
2025-06-25 01:23:35,114 - INFO - Phase 4: Validating all fixes...
2025-06-25 01:23:35,115 - INFO - Auditing data handling...
2025-06-25 01:23:37,721 - INFO - Data loaded: 3286734 rows, 9 columns
2025-06-25 01:23:37,871 - INFO - Auditing index management...
2025-06-25 01:23:40,886 - INFO - Index conversion successful: <class 'pandas.core.indexes.datetimes.DatetimeIndex'>, unique: False
2025-06-25 01:23:40,917 - INFO - Auditing date filtering...
2025-06-25 01:23:43,933 - INFO - Date filtering: 3286734 -> 68788 bars
2025-06-25 01:23:43,961 - INFO - Auditing GUI functionality...
2025-06-25 01:23:43,962 - INFO - Successfully imported gui.main_hub
2025-06-25 01:23:43,962 - INFO - Successfully imported gui.backtest_window
2025-06-25 01:23:43,963 - INFO - Successfully imported gui.results_viewer_window
2025-06-25 01:23:43,963 - INFO - Auditing code quality...
2025-06-25 01:23:43,969 - WARNING - Some fixes may need manual attention
2025-06-25 01:23:43,969 - INFO - Phase 5: Optimizing performance...
2025-06-25 01:23:43,969 - INFO - Performance optimizations applied
2025-06-25 01:23:43,970 - INFO - Phase 6: Improving code quality...
2025-06-25 01:23:43,970 - INFO - Code quality improvements applied
2025-06-25 01:23:43,970 - INFO - Phase 7: Running final validation...
2025-06-25 01:23:43,970 - INFO - Auditing data handling...
2025-06-25 01:23:46,630 - INFO - Data loaded: 3286734 rows, 9 columns
2025-06-25 01:23:46,777 - INFO - Auditing index management...
2025-06-25 01:23:49,738 - INFO - Index conversion successful: <class 'pandas.core.indexes.datetimes.DatetimeIndex'>, unique: False
2025-06-25 01:23:49,765 - INFO - Auditing date filtering...
2025-06-25 01:23:52,769 - INFO - Date filtering: 3286734 -> 68788 bars
2025-06-25 01:23:52,797 - INFO - Auditing zone overlays...
2025-06-25 01:23:52,801 - INFO - Zone 0 mapping: 2024-01-01 00:50:00 to 2024-01-01 01:15:00
2025-06-25 01:23:52,801 - INFO - Zone 1 mapping: 2024-01-01 04:10:00 to 2024-01-01 04:35:00
2025-06-25 01:23:52,801 - INFO - Correctly detected out-of-bounds zone 2: 999
2025-06-25 01:23:52,801 - INFO - Auditing chart rendering...
2025-06-25 01:23:52,802 - INFO - Chart data prepared: 50 bars
2025-06-25 01:23:52,802 - INFO - Auditing error handling...
2025-06-25 01:23:52,804 - INFO - Auditing performance...
2025-06-25 01:23:55,508 - INFO - Data loading time: 2.70s
2025-06-25 01:23:55,533 - INFO - Auditing code quality...
2025-06-25 01:23:55,540 - INFO - Auditing GUI functionality...
2025-06-25 01:23:55,540 - INFO - Successfully imported gui.main_hub
2025-06-25 01:23:55,541 - INFO - Successfully imported gui.backtest_window
2025-06-25 01:23:55,541 - INFO - Successfully imported gui.results_viewer_window
2025-06-25 01:23:55,542 - INFO - Phase 8: Generating perfection report...
2025-06-25 01:23:55,550 - INFO - GUI Perfection System completed!
