2025-06-25 01:20:52,954 - INFO - Starting Enhanced GUI Auto-Fixer...
2025-06-25 01:20:52,955 - INFO - Starting enhanced comprehensive GUI audit...
2025-06-25 01:20:52,955 - INFO - Fixing encoding issues...
2025-06-25 01:20:52,956 - INFO - File gui\backtest_window.py has correct encoding
2025-06-25 01:20:52,956 - INFO - File gui\data_explorer_window.py has correct encoding
2025-06-25 01:20:52,957 - INFO - File gui\data_stripper_window.py has correct encoding
2025-06-25 01:20:52,957 - INFO - File gui\main_hub.py has correct encoding
2025-06-25 01:20:52,957 - INFO - File gui\pattern_builder_window.py has correct encoding
2025-06-25 01:20:52,959 - INFO - File gui\results_viewer_window.py has correct encoding
2025-06-25 01:20:52,959 - INFO - File gui\risk_manager_window.py has correct encoding
2025-06-25 01:20:52,959 - INFO - File gui\statistics_window.py has correct encoding
2025-06-25 01:20:52,960 - INFO - File gui\strategy_builder_window.py has correct encoding
2025-06-25 01:20:52,960 - INFO - File gui\strategy_combiner_window.py has correct encoding
2025-06-25 01:20:52,960 - INFO - File gui\strategy_optimizer_window.py has correct encoding
2025-06-25 01:20:52,961 - INFO - File gui\strategy_pattern_manager_window.py has correct encoding
2025-06-25 01:20:52,961 - INFO - File gui\workspace_manager_dialog.py has correct encoding
2025-06-25 01:20:52,962 - INFO - Auditing data handling...
2025-06-25 01:20:55,645 - INFO - Data loaded: 3286734 rows, 9 columns
2025-06-25 01:20:55,802 - INFO - Auditing index management...
2025-06-25 01:20:58,780 - INFO - Index conversion successful: <class 'pandas.core.indexes.datetimes.DatetimeIndex'>, unique: False
2025-06-25 01:20:58,808 - INFO - Auditing date filtering...
2025-06-25 01:21:01,849 - INFO - Date filtering: 3286734 -> 68788 bars
2025-06-25 01:21:01,876 - INFO - Auditing zone overlays...
2025-06-25 01:21:01,880 - INFO - Zone 0 mapping: 2024-01-01 00:50:00 to 2024-01-01 01:15:00
2025-06-25 01:21:01,881 - INFO - Zone 1 mapping: 2024-01-01 04:10:00 to 2024-01-01 04:35:00
2025-06-25 01:21:01,881 - INFO - Correctly detected out-of-bounds zone 2: 999
2025-06-25 01:21:01,881 - INFO - Auditing chart rendering...
2025-06-25 01:21:01,882 - INFO - Chart data prepared: 50 bars
2025-06-25 01:21:01,882 - INFO - Auditing error handling...
2025-06-25 01:21:01,884 - INFO - Auditing performance...
2025-06-25 01:21:04,634 - INFO - Data loading time: 2.75s
2025-06-25 01:21:04,667 - INFO - Auditing code quality...
2025-06-25 01:21:04,674 - INFO - Auditing GUI functionality...
2025-06-25 01:21:04,677 - INFO - Successfully imported gui.main_hub
2025-06-25 01:21:04,678 - INFO - Successfully imported gui.backtest_window
2025-06-25 01:21:04,679 - INFO - Successfully imported gui.results_viewer_window
2025-06-25 01:21:04,680 - INFO - Applying enhanced fixes...
2025-06-25 01:21:04,680 - INFO - Applying fixes for index_management...
2025-06-25 01:21:04,680 - INFO - Applying enhanced fix: Add index deduplication logic
2025-06-25 01:21:04,681 - INFO - Applying enhanced index deduplication fix...
2025-06-25 01:21:04,682 - INFO - Index deduplication already implemented
2025-06-25 01:21:04,682 - INFO - Applying fixes for error_handling...
2025-06-25 01:21:04,683 - INFO - Applying enhanced fix: Add try-catch blocks to gui/backtest_window.py
2025-06-25 01:21:04,683 - INFO - Applying enhanced fix: Add try-catch blocks to gui/main_hub.py
2025-06-25 01:21:04,684 - INFO - Applying enhanced fix: Add try-catch blocks to gui/results_viewer_window.py
2025-06-25 01:21:04,684 - INFO - Applying fixes for code_quality...
2025-06-25 01:21:04,685 - INFO - Applying enhanced fix: Replace print statements with logging in gui\data_explorer_window.py
2025-06-25 01:21:04,685 - INFO - Applying enhanced print statement fix...
2025-06-25 01:21:04,688 - INFO - Fixed print statements in gui\data_explorer_window.py
2025-06-25 01:21:04,692 - INFO - Fixed print statements in gui\risk_manager_window.py
2025-06-25 01:21:04,694 - INFO - Fixed print statements in gui\strategy_combiner_window.py
2025-06-25 01:21:04,699 - INFO - Fixed print statements in gui\strategy_optimizer_window.py
2025-06-25 01:21:04,701 - INFO - Applying enhanced fix: Address TODO/FIXME in gui\main_hub.py
2025-06-25 01:21:04,701 - INFO - Applying enhanced fix: Replace print statements with logging in gui\risk_manager_window.py
2025-06-25 01:21:04,702 - INFO - Applying enhanced print statement fix...
2025-06-25 01:21:04,729 - INFO - Applying enhanced fix: Replace print statements with logging in gui\strategy_combiner_window.py
2025-06-25 01:21:04,729 - INFO - Applying enhanced print statement fix...
2025-06-25 01:21:04,734 - INFO - Applying enhanced fix: Replace print statements with logging in gui\strategy_optimizer_window.py
2025-06-25 01:21:04,734 - INFO - Applying enhanced print statement fix...
2025-06-25 01:21:04,739 - INFO - Validating enhanced fixes...
2025-06-25 01:21:04,740 - INFO - Auditing data handling...
2025-06-25 01:21:07,580 - INFO - Data loaded: 3286734 rows, 9 columns
2025-06-25 01:21:07,771 - INFO - Auditing index management...
2025-06-25 01:21:11,036 - INFO - Index conversion successful: <class 'pandas.core.indexes.datetimes.DatetimeIndex'>, unique: False
2025-06-25 01:21:11,067 - INFO - Auditing date filtering...
2025-06-25 01:21:14,090 - INFO - Date filtering: 3286734 -> 68788 bars
2025-06-25 01:21:14,118 - INFO - Auditing GUI functionality...
2025-06-25 01:21:14,119 - INFO - Successfully imported gui.main_hub
2025-06-25 01:21:14,119 - INFO - Successfully imported gui.backtest_window
2025-06-25 01:21:14,120 - INFO - Successfully imported gui.results_viewer_window
2025-06-25 01:21:14,120 - WARNING - Some enhanced fixes may need manual attention
2025-06-25 01:21:14,121 - INFO - Generating enhanced audit report...
2025-06-25 01:21:14,126 - INFO - Enhanced GUI Auto-Fixer completed!
